<?xml version="1.0" encoding="utf-8"?><testsuites name="pytest tests"><testsuite name="pytest" errors="0" failures="0" skipped="0" tests="26" time="31.908" timestamp="2026-05-02T08:03:32.408131+00:00" hostname="agent-env-2c09a934-7358-4204-b216-fb8ab2184f45"><testcase classname="tests.test_booth_identity" name="test_booth_headers_parse_case_insensitively" time="0.000" /><testcase classname="tests.test_booth_identity" name="test_register_audit_stamps_booth_id" time="0.001" /><testcase classname="tests.test_quick_fire" name="test_corner_enum_is_registered" time="0.003" /><testcase classname="tests.test_quick_fire" name="test_corner_keywords_and_clause_present_in_ai_engine" time="0.000" /><testcase classname="tests.test_quick_fire" name="test_quick_corner_endpoint_returns_fast_path_incident" time="4.350" /><testcase classname="tests.test_quick_fire" name="test_quick_offside_endpoint_returns_fast_path_incident" time="3.381" /><testcase classname="tests.test_quick_fire" name="test_quick_corner_scouting_endpoint" time="0.003" /><testcase classname="tests.test_review_p0_p1" name="test_system_health_ffmpeg_ok" time="0.184" /><testcase classname="tests.test_review_p0_p1" name="test_admin_booth_activity_requires_auth" time="0.115" /><testcase classname="tests.test_review_p0_p1" name="test_admin_booth_activity_authed" time="0.407" /><testcase classname="tests.test_review_p0_p1" name="test_admin_tamper_status_authed" time="0.053" /><testcase classname="tests.test_review_p0_p1" name="test_goalkeeper_8_second_rule_text_analyze" time="9.905" /><testcase classname="tests.test_review_p0_p1" name="test_multi_frame_video_no_caps_high_confidence" time="6.493" /><testcase classname="tests.test_review_p0_p1" name="test_video_source_go_live_capture_persists" time="6.067" /><testcase classname="tests.test_vision_caps" name="test_extract_frames_b64_returns_n_distinct_frames" time="0.329" /><testcase classname="tests.test_vision_caps" name="test_extract_frames_b64_handles_short_clip" time="0.238" /><testcase classname="tests.test_vision_caps" name="test_extract_frames_b64_handles_empty_input" time="0.000" /><testcase classname="tests.test_vision_caps" name="test_post_process_quick_analysis_caps_no_evidence" time="0.000" /><testcase classname="tests.test_vision_caps" name="test_post_process_quick_analysis_caps_single_frame" time="0.000" /><testcase classname="tests.test_vision_caps" name="test_post_process_quick_analysis_respects_self_rejection" time="0.000" /><testcase classname="tests.test_vision_caps" name="test_post_process_quick_analysis_passes_grounded_high_confidence" time="0.000" /><testcase classname="tests.test_ws_tournament_isolation" name="test_match_scoped_event_only_to_match_subscribers" time="0.005" /><testcase classname="tests.test_ws_tournament_isolation" name="test_global_broadcast_reaches_everyone" time="0.005" /><testcase classname="tests.test_ws_tournament_isolation" name="test_booths_for_match_lists_distinct_booth_ids" time="0.007" /><testcase classname="tests.test_ws_tournament_isolation" name="test_disconnect_removes_subscription" time="0.002" /><testcase classname="tests.test_ws_tournament_isolation" name="test_match_id_stamped_on_payload" time="0.002" /></testsuite></testsuites>